Issue452.agda:21.19-20: error: [UnsolvedMetaVariables]
Unsolved metas at the following locations:
  Issue452.agda:21.19-20

Issue452.agda:24.5-7: error: [UnsolvedConstraints]
Failed to solve the following constraints:
  Is empty: D true tt (stuck)
      [ at Issue452.agda:24.5-7 ]
