error: [UnsolvedConstraints]
Failed to solve the following constraints:
  Check definition of test : _3 â†’ A
    stuck because
      RecordPattern3.agda:12.6-19: error: [SplitError.BlockedType]
      Cannot split on argument of unresolved type _3
      when checking that the pattern record { f = a } has type _3
    (blocked on _3)

RecordPattern3.agda:11.8-9: error: [UnsolvedMetaVariables]
Unsolved metas at the following locations:
  RecordPattern3.agda:11.8-9
