error: [UnsolvedConstraints]
Failed to solve the following constraints:
  Check definition of test : _2 â†’ A
    stuck because
      RecordPattern4.agda:9.6-19: error: [SplitError.BlockedType]
      Cannot split on argument of unresolved type _2
      when checking that the pattern record { f = a } has type _2
    (blocked on _2)

RecordPattern4.agda:8.8-9: error: [UnsolvedMetaVariables]
Unsolved metas at the following locations:
  RecordPattern4.agda:8.8-9
